<?xml version="1.0" encoding="UTF-8"?>
<!-- Generated by org.testng.reporters.JUnitReportReporter -->
<testsuite hostname="DESKTOP-VLJ093O" failures="0" tests="1" name="OrangeHRM.CreateUser" time="6.628" errors="1" timestamp="15 May 2024 05:46:11 GMT">
  <testcase classname="OrangeHRM.CreateUser" name="login" time="6.628">
    <error message="session not created: This version of ChromeDriver only supports Chrome version 120
Current browser version is 124.0.6367.202 with binary path C:\Program Files\Google\Chrome\Application\chrome.exe
Build info: version: &#039;3.141.59&#039;, revision: &#039;e82be7d358&#039;, time: &#039;2018-11-14T08:17:03&#039;
System info: host: &#039;DESKTOP-VLJ093O&#039;, ip: &#039;192.168.1.40&#039;, os.name: &#039;Windows 10&#039;, os.arch: &#039;amd64&#039;, os.version: &#039;10.0&#039;, java.version: &#039;15.0.2&#039;
Driver info: driver.version: ChromeDriver
remote stacktrace: 	GetHandleVerifier [0x00007FF6DECD2142+3514994]
	(No symbol) [0x00007FF6DE8F0CE2]
	(No symbol) [0x00007FF6DE7976AA]
	(No symbol) [0x00007FF6DE7D17E2]
	(No symbol) [0x00007FF6DE7D0ADD]
	(No symbol) [0x00007FF6DE7CB9DF]
	(No symbol) [0x00007FF6DE7C7F52]
	(No symbol) [0x00007FF6DE810AB4]
	(No symbol) [0x00007FF6DE805D93]
	(No symbol) [0x00007FF6DE7D4BDC]
	(No symbol) [0x00007FF6DE7D5C64]
	GetHandleVerifier [0x00007FF6DECFE16B+3695259]
	GetHandleVerifier [0x00007FF6DED56737+4057191]
	GetHandleVerifier [0x00007FF6DED4E4E3+4023827]
	GetHandleVerifier [0x00007FF6DEA204F9+689705]
	(No symbol) [0x00007FF6DE8FC048]
	(No symbol) [0x00007FF6DE8F8044]
	(No symbol) [0x00007FF6DE8F81C9]
	(No symbol) [0x00007FF6DE8E88C4]
	BaseThreadInitThunk [0x00007FF9E9B27344+20]
	RtlUserThreadStart [0x00007FF9EBB226B1+33]
" type="org.openqa.selenium.SessionNotCreatedException">
      <![CDATA[org.openqa.selenium.SessionNotCreatedException: session not created: This version of ChromeDriver only supports Chrome version 120
Current browser version is 124.0.6367.202 with binary path C:\Program Files\Google\Chrome\Application\chrome.exe
Build info: version: '3.141.59', revision: 'e82be7d358', time: '2018-11-14T08:17:03'
System info: host: 'DESKTOP-VLJ093O', ip: '192.168.1.40', os.name: 'Windows 10', os.arch: 'amd64', os.version: '10.0', java.version: '15.0.2'
Driver info: driver.version: ChromeDriver
remote stacktrace: 	GetHandleVerifier [0x00007FF6DECD2142+3514994]
	(No symbol) [0x00007FF6DE8F0CE2]
	(No symbol) [0x00007FF6DE7976AA]
	(No symbol) [0x00007FF6DE7D17E2]
	(No symbol) [0x00007FF6DE7D0ADD]
	(No symbol) [0x00007FF6DE7CB9DF]
	(No symbol) [0x00007FF6DE7C7F52]
	(No symbol) [0x00007FF6DE810AB4]
	(No symbol) [0x00007FF6DE805D93]
	(No symbol) [0x00007FF6DE7D4BDC]
	(No symbol) [0x00007FF6DE7D5C64]
	GetHandleVerifier [0x00007FF6DECFE16B+3695259]
	GetHandleVerifier [0x00007FF6DED56737+4057191]
	GetHandleVerifier [0x00007FF6DED4E4E3+4023827]
	GetHandleVerifier [0x00007FF6DEA204F9+689705]
	(No symbol) [0x00007FF6DE8FC048]
	(No symbol) [0x00007FF6DE8F8044]
	(No symbol) [0x00007FF6DE8F81C9]
	(No symbol) [0x00007FF6DE8E88C4]
	BaseThreadInitThunk [0x00007FF9E9B27344+20]
	RtlUserThreadStart [0x00007FF9EBB226B1+33]

	at java.base/jdk.internal.reflect.NativeConstructorAccessorImpl.newInstance0(Native Method)
	at java.base/jdk.internal.reflect.NativeConstructorAccessorImpl.newInstance(NativeConstructorAccessorImpl.java:64)
	at java.base/jdk.internal.reflect.DelegatingConstructorAccessorImpl.newInstance(DelegatingConstructorAccessorImpl.java:45)
	at java.base/java.lang.reflect.Constructor.newInstanceWithCaller(Constructor.java:500)
	at java.base/java.lang.reflect.Constructor.newInstance(Constructor.java:481)
	at org.openqa.selenium.remote.W3CHandshakeResponse.lambda$errorHandler$0(W3CHandshakeResponse.java:62)
	at org.openqa.selenium.remote.HandshakeResponse.lambda$getResponseFunction$0(HandshakeResponse.java:30)
	at org.openqa.selenium.remote.ProtocolHandshake.lambda$createSession$0(ProtocolHandshake.java:126)
	at java.base/java.util.stream.ReferencePipeline$3$1.accept(ReferencePipeline.java:195)
	at java.base/java.util.Spliterators$ArraySpliterator.tryAdvance(Spliterators.java:958)
	at java.base/java.util.stream.ReferencePipeline.forEachWithCancel(ReferencePipeline.java:127)
	at java.base/java.util.stream.AbstractPipeline.copyIntoWithCancel(AbstractPipeline.java:502)
	at java.base/java.util.stream.AbstractPipeline.copyInto(AbstractPipeline.java:488)
	at java.base/java.util.stream.AbstractPipeline.wrapAndCopyInto(AbstractPipeline.java:474)
	at java.base/java.util.stream.FindOps$FindOp.evaluateSequential(FindOps.java:150)
	at java.base/java.util.stream.AbstractPipeline.evaluate(AbstractPipeline.java:234)
	at java.base/java.util.stream.ReferencePipeline.findFirst(ReferencePipeline.java:543)
	at org.openqa.selenium.remote.ProtocolHandshake.createSession(ProtocolHandshake.java:128)
	at org.openqa.selenium.remote.ProtocolHandshake.createSession(ProtocolHandshake.java:74)
	at org.openqa.selenium.remote.HttpCommandExecutor.execute(HttpCommandExecutor.java:136)
	at org.openqa.selenium.remote.service.DriverCommandExecutor.execute(DriverCommandExecutor.java:83)
	at org.openqa.selenium.remote.RemoteWebDriver.execute(RemoteWebDriver.java:552)
	at org.openqa.selenium.remote.RemoteWebDriver.startSession(RemoteWebDriver.java:213)
	at org.openqa.selenium.remote.RemoteWebDriver.<init>(RemoteWebDriver.java:131)
	at org.openqa.selenium.chrome.ChromeDriver.<init>(ChromeDriver.java:181)
	at org.openqa.selenium.chrome.ChromeDriver.<init>(ChromeDriver.java:168)
	at org.openqa.selenium.chrome.ChromeDriver.<init>(ChromeDriver.java:123)
	at OrangeHRM.CreateUser.login(CreateUser.java:20)
	at java.base/jdk.internal.reflect.NativeMethodAccessorImpl.invoke0(Native Method)
	at java.base/jdk.internal.reflect.NativeMethodAccessorImpl.invoke(NativeMethodAccessorImpl.java:64)
	at java.base/jdk.internal.reflect.DelegatingMethodAccessorImpl.invoke(DelegatingMethodAccessorImpl.java:43)
	at java.base/java.lang.reflect.Method.invoke(Method.java:564)
	at org.testng.internal.MethodInvocationHelper.invokeMethod(MethodInvocationHelper.java:85)
	at org.testng.internal.Invoker.invokeMethod(Invoker.java:639)
	at org.testng.internal.Invoker.invokeTestMethod(Invoker.java:816)
	at org.testng.internal.Invoker.invokeTestMethods(Invoker.java:1124)
	at org.testng.internal.TestMethodWorker.invokeTestMethods(TestMethodWorker.java:125)
	at org.testng.internal.TestMethodWorker.run(TestMethodWorker.java:108)
	at org.testng.TestRunner.privateRun(TestRunner.java:774)
	at org.testng.TestRunner.run(TestRunner.java:624)
	at org.testng.SuiteRunner.runTest(SuiteRunner.java:359)
	at org.testng.SuiteRunner.runSequentially(SuiteRunner.java:354)
	at org.testng.SuiteRunner.privateRun(SuiteRunner.java:312)
	at org.testng.SuiteRunner.run(SuiteRunner.java:261)
	at org.testng.SuiteRunnerWorker.runSuite(SuiteRunnerWorker.java:52)
	at org.testng.SuiteRunnerWorker.run(SuiteRunnerWorker.java:86)
	at org.testng.TestNG.runSuitesSequentially(TestNG.java:1215)
	at org.testng.TestNG.runSuitesLocally(TestNG.java:1140)
	at org.testng.TestNG.run(TestNG.java:1048)
	at org.testng.remote.AbstractRemoteTestNG.run(AbstractRemoteTestNG.java:115)
	at org.testng.remote.RemoteTestNG.initAndRun(RemoteTestNG.java:251)
	at org.testng.remote.RemoteTestNG.main(RemoteTestNG.java:77)
]]>
    </error>
  </testcase> <!-- login -->
</testsuite> <!-- OrangeHRM.CreateUser -->
